2021-09-26 13:09:59,436 INFO  [Log] **************************************************************************************** 
2021-09-26 13:09:59,437 INFO  [Log] **************************************************************************************** 
2021-09-26 13:09:59,437 INFO  [Log] $$$$$$$$$$$$$$$$$$$$$                 Flight Checkout Testcase       $$$$$$$$$$$$$$$$$$$$$$$$$ 
2021-09-26 13:09:59,437 INFO  [Log] **************************************************************************************** 
2021-09-26 13:09:59,437 INFO  [Log] **************************************************************************************** 
2021-09-26 13:10:09,842 ERROR [Log]  
2021-09-26 13:10:12,666 INFO  [Log] **************************************************************************************** 
2021-09-26 13:10:12,666 INFO  [Log] **************************************************************************************** 
2021-09-26 13:10:12,666 INFO  [Log] $$$$$$$$$$$$$$$$$$$$$                 Hotel Checkout Testcase       $$$$$$$$$$$$$$$$$$$$$$$$$ 
2021-09-26 13:10:12,666 INFO  [Log] **************************************************************************************** 
2021-09-26 13:10:12,666 INFO  [Log] **************************************************************************************** 
2021-09-26 13:10:12,666 INFO  [Log] XXXXXXXXXXXXXXXXXXXXXXX             -E---N---D-             XXXXXXXXXXXXXXXXXXXXXX 
2021-09-26 13:10:12,666 INFO  [Log] X 
2021-09-26 13:10:12,666 INFO  [Log] X 
2021-09-26 13:10:12,666 INFO  [Log] X 
2021-09-26 13:10:12,666 INFO  [Log] X 
2021-09-26 13:10:12,667 INFO  [Log] **************************************************************************************** 
2021-09-26 13:10:12,667 INFO  [Log] **************************************************************************************** 
2021-09-26 13:10:12,667 INFO  [Log] $$$$$$$$$$$$$$$$$$$$$                 Things To Do Checkout Testcase       $$$$$$$$$$$$$$$$$$$$$$$$$ 
2021-09-26 13:10:12,667 INFO  [Log] **************************************************************************************** 
2021-09-26 13:10:12,667 INFO  [Log] **************************************************************************************** 
2021-09-26 13:10:12,667 INFO  [Log] XXXXXXXXXXXXXXXXXXXXXXX             -E---N---D-             XXXXXXXXXXXXXXXXXXXXXX 
2021-09-26 13:10:12,667 INFO  [Log] X 
2021-09-26 13:10:12,667 INFO  [Log] X 
2021-09-26 13:10:12,667 INFO  [Log] X 
2021-09-26 13:10:12,667 INFO  [Log] X 
